<?xml version="1.0" encoding="UTF-8"?>
<Site BuildName="(empty)"
	BuildStamp="20220114-0918-Experimental"
	Name="(empty)"
	Generator="ctest-3.16.3"
	CompilerName=""
	CompilerVersion=""
	OSName="Linux"
	Hostname="ilya-HP-Pavilion"
	OSRelease="5.11.0-27-generic"
	OSVersion="#29~20.04.1-Ubuntu SMP Wed Aug 11 15:58:17 UTC 2021"
	OSPlatform="x86_64"
	Is64Bits="1"
	VendorString="GenuineIntel"
	VendorID="Intel Corporation"
	FamilyID="6"
	ModelID="142"
	ProcessorCacheSize="6144"
	NumberOfLogicalCPU="8"
	NumberOfPhysicalCPU="4"
	TotalVirtualMemory="2047"
	TotalPhysicalMemory="7844"
	LogicalProcessorsPerPhysical="2"
	ProcessorClockFrequency="1546.05"
	>
	<Testing>
		<StartDateTime>Jan 14 12:48 +0330</StartDateTime>
		<StartTestTime>1642151890</StartTestTime>
		<TestList/>
		<EndDateTime>Jan 14 12:48 +0330</EndDateTime>
		<EndTestTime>1642151890</EndTestTime>
		<ElapsedMinutes>0</ElapsedMinutes>
	</Testing>
</Site>
